<?xml version="1.0" encoding="UTF-8"?>
<coverage generated="1672504602699" clover="3.2.0">
  <project timestamp="1672504602699" name="All files">
    <metrics statements="18" coveredstatements="7" conditionals="6" coveredconditionals="0" methods="2" coveredmethods="1" elements="26" coveredelements="8" complexity="0" loc="18" ncloc="18" packages="1" files="1" classes="1"/>
    <file name="script.js" path="/home/ewerton/Documentos/Curso_Trybe/Meus Projetos/projects/project_js_unit_tests/script.js">
      <metrics statements="18" coveredstatements="7" conditionals="6" coveredconditionals="0" methods="2" coveredmethods="1"/>
      <line num="1" count="1" type="stmt"/>
      <line num="3" count="2" type="stmt"/>
      <line num="5" count="2" type="stmt"/>
      <line num="6" count="8" type="stmt"/>
      <line num="9" count="2" type="stmt"/>
      <line num="12" count="1" type="stmt"/>
      <line num="14" count="0" type="stmt"/>
      <line num="15" count="0" type="stmt"/>
      <line num="18" count="0" type="stmt"/>
      <line num="19" count="0" type="cond" truecount="0" falsecount="2"/>
      <line num="20" count="0" type="stmt"/>
      <line num="21" count="0" type="cond" truecount="0" falsecount="2"/>
      <line num="22" count="0" type="stmt"/>
      <line num="26" count="0" type="cond" truecount="0" falsecount="2"/>
      <line num="27" count="0" type="stmt"/>
      <line num="29" count="0" type="stmt"/>
      <line num="32" count="0" type="stmt"/>
      <line num="36" count="1" type="stmt"/>
    </file>
  </project>
</coverage>
