<?xml version="1.0" encoding="UTF-8"?>
<coverage generated="1672433075678" clover="3.2.0">
  <project timestamp="1672433075678" name="All files">
    <metrics statements="13" coveredstatements="7" conditionals="5" coveredconditionals="2" methods="1" coveredmethods="1" elements="19" coveredelements="10" complexity="0" loc="13" ncloc="13" packages="1" files="1" classes="1"/>
    <file name="script.js" path="/home/ewerton/Documentos/Curso_Trybe/Meus Projetos/projects/project_js_unit_tests/script.js">
      <metrics statements="13" coveredstatements="7" conditionals="5" coveredconditionals="2" methods="1" coveredmethods="1"/>
      <line num="1" count="1" type="stmt"/>
      <line num="2" count="1" type="stmt"/>
      <line num="3" count="1" type="stmt"/>
      <line num="5" count="1" type="stmt"/>
      <line num="8" count="2" type="cond" truecount="2" falsecount="3"/>
      <line num="9" count="2" type="stmt"/>
      <line num="12" count="0" type="stmt"/>
      <line num="14" count="0" type="stmt"/>
      <line num="16" count="0" type="stmt"/>
      <line num="17" count="0" type="stmt"/>
      <line num="20" count="0" type="stmt"/>
      <line num="24" count="0" type="stmt"/>
      <line num="29" count="1" type="stmt"/>
    </file>
  </project>
</coverage>
