{"/home/ewerton/Documentos/Curso_Trybe/Meus Projetos/projects/project_js_unit_tests/script.js": {"path":"/home/ewerton/Documentos/Curso_Trybe/Meus Projetos/projects/project_js_unit_tests/script.js","statementMap":{"0":{"start":{"line":1,"column":38},"end":{"line":1,"column":61}},"1":{"start":{"line":2,"column":18},"end":{"line":2,"column":35}},"2":{"start":{"line":3,"column":18},"end":{"line":3,"column":36}},"3":{"start":{"line":5,"column":16},"end":{"line":27,"column":1}},"4":{"start":{"line":8,"column":4},"end":{"line":10,"column":5}},"5":{"start":{"line":9,"column":8},"end":{"line":9,"column":66}},"6":{"start":{"line":12,"column":4},"end":{"line":26,"column":5}},"7":{"start":{"line":14,"column":22},"end":{"line":14,"column":23}},"8":{"start":{"line":16,"column":4},"end":{"line":18,"column":5}},"9":{"start":{"line":16,"column":21},"end":{"line":16,"column":22}},"10":{"start":{"line":17,"column":8},"end":{"line":17,"column":41}},"11":{"start":{"line":20,"column":4},"end":{"line":20,"column":46}},"12":{"start":{"line":24,"column":8},"end":{"line":24,"column":28}},"13":{"start":{"line":29,"column":0},"end":{"line":29,"column":24}}},"fnMap":{"0":{"name":"(anonymous_0)","decl":{"start":{"line":5,"column":16},"end":{"line":5,"column":17}},"loc":{"start":{"line":5,"column":27},"end":{"line":27,"column":1}},"line":5}},"branchMap":{"0":{"loc":{"start":{"line":8,"column":4},"end":{"line":10,"column":5}},"type":"if","locations":[{"start":{"line":8,"column":4},"end":{"line":10,"column":5}},{"start":{},"end":{}}],"line":8},"1":{"loc":{"start":{"line":8,"column":7},"end":{"line":8,"column":64}},"type":"binary-expr","locations":[{"start":{"line":8,"column":7},"end":{"line":8,"column":32}},{"start":{"line":8,"column":36},"end":{"line":8,"column":48}},{"start":{"line":8,"column":52},"end":{"line":8,"column":64}}],"line":8}},"s":{"0":1,"1":1,"2":1,"3":1,"4":2,"5":2,"6":0,"7":0,"8":0,"9":0,"10":0,"11":0,"12":0,"13":1},"f":{"0":2},"b":{"0":[2,0],"1":[2,0,0]},"_coverageSchema":"1a1c01bbd47fc00a2c39e90264f33305004495a9","hash":"4422755d02956b67a8068dcf3b87f55171ba3b5f"}
}
