{"/home/ewerton/Documentos/Curso_Trybe/Meus Projetos/projects/project_js_unit_tests/vqv.js": {"path":"/home/ewerton/Documentos/Curso_Trybe/Meus Projetos/projects/project_js_unit_tests/vqv.js","statementMap":{"0":{"start":{"line":1,"column":17},"end":{"line":9,"column":1}},"1":{"start":{"line":2,"column":4},"end":{"line":4,"column":5}},"2":{"start":{"line":3,"column":8},"end":{"line":3,"column":56}},"3":{"start":{"line":6,"column":4},"end":{"line":8,"column":5}},"4":{"start":{"line":7,"column":8},"end":{"line":7,"column":37}},"5":{"start":{"line":11,"column":12},"end":{"line":22,"column":1}},"6":{"start":{"line":13,"column":14},"end":{"line":13,"column":39}},"7":{"start":{"line":15,"column":4},"end":{"line":20,"column":5}},"8":{"start":{"line":16,"column":8},"end":{"line":16,"column":27}},"9":{"start":{"line":17,"column":8},"end":{"line":17,"column":148}},"10":{"start":{"line":19,"column":8},"end":{"line":19,"column":28}},"11":{"start":{"line":24,"column":0},"end":{"line":24,"column":20}}},"fnMap":{"0":{"name":"(anonymous_0)","decl":{"start":{"line":1,"column":17},"end":{"line":1,"column":18}},"loc":{"start":{"line":1,"column":32},"end":{"line":9,"column":1}},"line":1},"1":{"name":"(anonymous_1)","decl":{"start":{"line":11,"column":12},"end":{"line":11,"column":13}},"loc":{"start":{"line":11,"column":27},"end":{"line":22,"column":1}},"line":11}},"branchMap":{"0":{"loc":{"start":{"line":2,"column":4},"end":{"line":4,"column":5}},"type":"if","locations":[{"start":{"line":2,"column":4},"end":{"line":4,"column":5}},{"start":{},"end":{}}],"line":2},"1":{"loc":{"start":{"line":2,"column":7},"end":{"line":2,"column":32}},"type":"binary-expr","locations":[{"start":{"line":2,"column":7},"end":{"line":2,"column":18}},{"start":{"line":2,"column":22},"end":{"line":2,"column":32}}],"line":2},"2":{"loc":{"start":{"line":6,"column":4},"end":{"line":8,"column":5}},"type":"if","locations":[{"start":{"line":6,"column":4},"end":{"line":8,"column":5}},{"start":{},"end":{}}],"line":6},"3":{"loc":{"start":{"line":6,"column":7},"end":{"line":6,"column":58}},"type":"binary-expr","locations":[{"start":{"line":6,"column":7},"end":{"line":6,"column":31}},{"start":{"line":6,"column":35},"end":{"line":6,"column":58}}],"line":6}},"s":{"0":1,"1":3,"2":1,"3":2,"4":1,"5":1,"6":3,"7":3,"8":3,"9":1,"10":2,"11":1},"f":{"0":3,"1":3},"b":{"0":[1,2],"1":[3,2],"2":[1,1],"3":[2,2]},"_coverageSchema":"1a1c01bbd47fc00a2c39e90264f33305004495a9","hash":"b07796f9b060e955b73b566e069dd9fb7c430746"}
}
